[2020-01-09 14:00:03 CET] [Exception] Exception message: Communications link failure

The last packet sent successfully to the server was 0 milliseconds ago. The driver has not received any packets from the server.
[2020-01-09 14:00:03 CET] [Exception] Exception message: null
[2020-01-09 14:00:03 CET] [Exception] 
	at com.mysql.cj.jdbc.exceptions.SQLError.createCommunicationsException()
	at com.mysql.cj.jdbc.exceptions.SQLExceptionsMapping.translateException()
	at com.mysql.cj.jdbc.ConnectionImpl.createNewIO()
	at com.mysql.cj.jdbc.ConnectionImpl.<init>()
	at com.mysql.cj.jdbc.ConnectionImpl.getInstance()
	at com.mysql.cj.jdbc.NonRegisteringDriver.connect()
	at java.sql.DriverManager.getConnection()
	at java.sql.DriverManager.getConnection()
	at hkrDB.DatabaseManager.createConnection()
	at hkrDB.DatabaseManager.executeQuery()
	at hkrDB.DatabaseManager.checkSchema()
	at hkrDB.DatabaseManager.<init>()
	at hkrFX.Main.start()
	at com.sun.javafx.application.LauncherImpl.lambda$launchApplication1$9()
	at com.sun.javafx.application.PlatformImpl.lambda$runAndWait$12()
	at com.sun.javafx.application.PlatformImpl.lambda$runLater$10()
	at java.security.AccessController.doPrivileged()
	at com.sun.javafx.application.PlatformImpl.lambda$runLater$11()
	at com.sun.glass.ui.InvokeLaterDispatcher$Future.run()
[2020-01-09 14:00:03 CET] [Exception] 
	at hkrDB.DatabaseManager.executeQuery()
	at hkrDB.DatabaseManager.checkSchema()
	at hkrDB.DatabaseManager.<init>()
	at hkrFX.Main.start()
	at com.sun.javafx.application.LauncherImpl.lambda$launchApplication1$9()
	at com.sun.javafx.application.PlatformImpl.lambda$runAndWait$12()
	at com.sun.javafx.application.PlatformImpl.lambda$runLater$10()
	at java.security.AccessController.doPrivileged()
	at com.sun.javafx.application.PlatformImpl.lambda$runLater$11()
	at com.sun.glass.ui.InvokeLaterDispatcher$Future.run()
[2020-01-09 14:59:44 CET] [Exception] Exception message: Communications link failure

The last packet sent successfully to the server was 0 milliseconds ago. The driver has not received any packets from the server.
[2020-01-09 14:59:44 CET] [Exception] Exception message: null
[2020-01-09 14:59:44 CET] [Exception] 
	at hkrDB.DatabaseManager.executeQuery()
	at hkrDB.DatabaseManager.checkSchema()
	at hkrDB.DatabaseManager.<init>()
	at hkrFX.Main.start()
	at com.sun.javafx.application.LauncherImpl.lambda$launchApplication1$9()
	at com.sun.javafx.application.PlatformImpl.lambda$runAndWait$12()
	at com.sun.javafx.application.PlatformImpl.lambda$runLater$10()
	at java.security.AccessController.doPrivileged()
	at com.sun.javafx.application.PlatformImpl.lambda$runLater$11()
	at com.sun.glass.ui.InvokeLaterDispatcher$Future.run()
[2020-01-09 14:59:44 CET] [Exception] 
	at com.mysql.cj.jdbc.exceptions.SQLError.createCommunicationsException()
	at com.mysql.cj.jdbc.exceptions.SQLExceptionsMapping.translateException()
	at com.mysql.cj.jdbc.ConnectionImpl.createNewIO()
	at com.mysql.cj.jdbc.ConnectionImpl.<init>()
	at com.mysql.cj.jdbc.ConnectionImpl.getInstance()
	at com.mysql.cj.jdbc.NonRegisteringDriver.connect()
	at java.sql.DriverManager.getConnection()
	at java.sql.DriverManager.getConnection()
	at hkrDB.DatabaseManager.createConnection()
	at hkrDB.DatabaseManager.executeQuery()
	at hkrDB.DatabaseManager.checkSchema()
	at hkrDB.DatabaseManager.<init>()
	at hkrFX.Main.start()
	at com.sun.javafx.application.LauncherImpl.lambda$launchApplication1$9()
	at com.sun.javafx.application.PlatformImpl.lambda$runAndWait$12()
	at com.sun.javafx.application.PlatformImpl.lambda$runLater$10()
	at java.security.AccessController.doPrivileged()
	at com.sun.javafx.application.PlatformImpl.lambda$runLater$11()
	at com.sun.glass.ui.InvokeLaterDispatcher$Future.run()
[2020-01-10 21:36:41 CET] [Exception] Exception message: You have an error in your SQL syntax; check the manual that corresponds to your MySQL server version for the right syntax to use near 'CREATE TABLE IF NOT EXISTS `hotel`.`Booking` (`reference` INT NOT NULL AUTO_INCR' at line 6
[2020-01-10 21:36:41 CET] [Exception] 
	at com.mysql.cj.jdbc.exceptions.SQLError.createSQLException()
	at com.mysql.cj.jdbc.exceptions.SQLError.createSQLException()
	at com.mysql.cj.jdbc.exceptions.SQLExceptionsMapping.translateException()
	at com.mysql.cj.jdbc.ClientPreparedStatement.executeInternal()
	at com.mysql.cj.jdbc.ClientPreparedStatement.execute()
	at hkrDB.DatabaseManager.executeQuery()
	at hkrDB.DatabaseManager.checkSchema()
	at hkrDB.DatabaseManager.<init>()
	at hkrFX.Main.start()
	at com.sun.javafx.application.LauncherImpl.lambda$launchApplication1$9()
	at com.sun.javafx.application.PlatformImpl.lambda$runAndWait$12()
	at com.sun.javafx.application.PlatformImpl.lambda$runLater$10()
	at java.security.AccessController.doPrivileged()
	at com.sun.javafx.application.PlatformImpl.lambda$runLater$11()
	at com.sun.glass.ui.InvokeLaterDispatcher$Future.run()
[2020-01-11 02:42:42 CET] [Exception] Exception message: Unknown database 'hotel'
[2020-01-11 02:42:42 CET] [Exception] Exception message: null
[2020-01-11 02:42:42 CET] [Exception] 
	at hkrDB.DatabaseManager.executeQuery()
	at hkrDB.DatabaseManager.checkSchema()
	at hkrDB.DatabaseManager.<init>()
	at hkrFX.Main.start()
	at com.sun.javafx.application.LauncherImpl.lambda$launchApplication1$9()
	at com.sun.javafx.application.PlatformImpl.lambda$runAndWait$12()
	at com.sun.javafx.application.PlatformImpl.lambda$runLater$10()
	at java.security.AccessController.doPrivileged()
	at com.sun.javafx.application.PlatformImpl.lambda$runLater$11()
	at com.sun.glass.ui.InvokeLaterDispatcher$Future.run()
[2020-01-11 02:42:42 CET] [Exception] 
	at com.mysql.cj.jdbc.exceptions.SQLError.createSQLException()
	at com.mysql.cj.jdbc.exceptions.SQLError.createSQLException()
	at com.mysql.cj.jdbc.exceptions.SQLExceptionsMapping.translateException()
	at com.mysql.cj.jdbc.ConnectionImpl.createNewIO()
	at com.mysql.cj.jdbc.ConnectionImpl.<init>()
	at com.mysql.cj.jdbc.ConnectionImpl.getInstance()
	at com.mysql.cj.jdbc.NonRegisteringDriver.connect()
	at java.sql.DriverManager.getConnection()
	at java.sql.DriverManager.getConnection()
	at hkrDB.DatabaseManager.createConnection()
	at hkrDB.DatabaseManager.executeQuery()
	at hkrDB.DatabaseManager.checkSchema()
	at hkrDB.DatabaseManager.<init>()
	at hkrFX.Main.start()
	at com.sun.javafx.application.LauncherImpl.lambda$launchApplication1$9()
	at com.sun.javafx.application.PlatformImpl.lambda$runAndWait$12()
	at com.sun.javafx.application.PlatformImpl.lambda$runLater$10()
	at java.security.AccessController.doPrivileged()
	at com.sun.javafx.application.PlatformImpl.lambda$runLater$11()
	at com.sun.glass.ui.InvokeLaterDispatcher$Future.run()
[2020-01-11 02:43:19 CET] [Exception] Exception message: Unknown database 'hotel'
[2020-01-11 02:43:19 CET] [Exception] Exception message: null
[2020-01-11 02:43:19 CET] [Exception] 
	at com.mysql.cj.jdbc.exceptions.SQLError.createSQLException()
	at com.mysql.cj.jdbc.exceptions.SQLError.createSQLException()
	at com.mysql.cj.jdbc.exceptions.SQLExceptionsMapping.translateException()
	at com.mysql.cj.jdbc.ConnectionImpl.createNewIO()
	at com.mysql.cj.jdbc.ConnectionImpl.<init>()
	at com.mysql.cj.jdbc.ConnectionImpl.getInstance()
	at com.mysql.cj.jdbc.NonRegisteringDriver.connect()
	at java.sql.DriverManager.getConnection()
	at java.sql.DriverManager.getConnection()
	at hkrDB.DatabaseManager.createConnection()
	at hkrDB.DatabaseManager.executeQuery()
	at hkrDB.DatabaseManager.checkSchema()
	at hkrDB.DatabaseManager.<init>()
	at hkrFX.Main.start()
	at com.sun.javafx.application.LauncherImpl.lambda$launchApplication1$9()
	at com.sun.javafx.application.PlatformImpl.lambda$runAndWait$12()
	at com.sun.javafx.application.PlatformImpl.lambda$runLater$10()
	at java.security.AccessController.doPrivileged()
	at com.sun.javafx.application.PlatformImpl.lambda$runLater$11()
	at com.sun.glass.ui.InvokeLaterDispatcher$Future.run()
[2020-01-11 02:43:19 CET] [Exception] 
	at hkrDB.DatabaseManager.executeQuery()
	at hkrDB.DatabaseManager.checkSchema()
	at hkrDB.DatabaseManager.<init>()
	at hkrFX.Main.start()
	at com.sun.javafx.application.LauncherImpl.lambda$launchApplication1$9()
	at com.sun.javafx.application.PlatformImpl.lambda$runAndWait$12()
	at com.sun.javafx.application.PlatformImpl.lambda$runLater$10()
	at java.security.AccessController.doPrivileged()
	at com.sun.javafx.application.PlatformImpl.lambda$runLater$11()
	at com.sun.glass.ui.InvokeLaterDispatcher$Future.run()
[2020-01-11 02:43:45 CET] [Exception] Exception message: Unknown database 'hotel'
[2020-01-11 02:43:45 CET] [Exception] 
	at hkrDB.DatabaseManager.executeQuery()
	at hkrDB.DatabaseManager.checkSchema()
	at hkrDB.DatabaseManager.<init>()
	at hkrFX.Main.start()
	at com.sun.javafx.application.LauncherImpl.lambda$launchApplication1$9()
	at com.sun.javafx.application.PlatformImpl.lambda$runAndWait$12()
	at com.sun.javafx.application.PlatformImpl.lambda$runLater$10()
	at java.security.AccessController.doPrivileged()
	at com.sun.javafx.application.PlatformImpl.lambda$runLater$11()
	at com.sun.glass.ui.InvokeLaterDispatcher$Future.run()
[2020-01-11 02:43:45 CET] [Exception] Exception message: null
[2020-01-11 02:43:45 CET] [Exception] 
	at com.mysql.cj.jdbc.exceptions.SQLError.createSQLException()
	at com.mysql.cj.jdbc.exceptions.SQLError.createSQLException()
	at com.mysql.cj.jdbc.exceptions.SQLExceptionsMapping.translateException()
	at com.mysql.cj.jdbc.ConnectionImpl.createNewIO()
	at com.mysql.cj.jdbc.ConnectionImpl.<init>()
	at com.mysql.cj.jdbc.ConnectionImpl.getInstance()
	at com.mysql.cj.jdbc.NonRegisteringDriver.connect()
	at java.sql.DriverManager.getConnection()
	at java.sql.DriverManager.getConnection()
	at hkrDB.DatabaseManager.createConnection()
	at hkrDB.DatabaseManager.executeQuery()
	at hkrDB.DatabaseManager.checkSchema()
	at hkrDB.DatabaseManager.<init>()
	at hkrFX.Main.start()
	at com.sun.javafx.application.LauncherImpl.lambda$launchApplication1$9()
	at com.sun.javafx.application.PlatformImpl.lambda$runAndWait$12()
	at com.sun.javafx.application.PlatformImpl.lambda$runLater$10()
	at java.security.AccessController.doPrivileged()
	at com.sun.javafx.application.PlatformImpl.lambda$runLater$11()
	at com.sun.glass.ui.InvokeLaterDispatcher$Future.run()
[2020-01-11 02:44:15 CET] [Exception] Exception message: Unknown database 'hotel'
[2020-01-11 02:44:15 CET] [Exception] Exception message: null
[2020-01-11 02:44:15 CET] [Exception] 
	at hkrDB.DatabaseManager.executeQuery()
	at hkrDB.DatabaseManager.checkSchema()
	at hkrDB.DatabaseManager.<init>()
	at hkrFX.Main.start()
	at com.sun.javafx.application.LauncherImpl.lambda$launchApplication1$9()
	at com.sun.javafx.application.PlatformImpl.lambda$runAndWait$12()
	at com.sun.javafx.application.PlatformImpl.lambda$runLater$10()
	at java.security.AccessController.doPrivileged()
	at com.sun.javafx.application.PlatformImpl.lambda$runLater$11()
	at com.sun.glass.ui.InvokeLaterDispatcher$Future.run()
[2020-01-11 02:44:15 CET] [Exception] 
	at com.mysql.cj.jdbc.exceptions.SQLError.createSQLException()
	at com.mysql.cj.jdbc.exceptions.SQLError.createSQLException()
	at com.mysql.cj.jdbc.exceptions.SQLExceptionsMapping.translateException()
	at com.mysql.cj.jdbc.ConnectionImpl.createNewIO()
	at com.mysql.cj.jdbc.ConnectionImpl.<init>()
	at com.mysql.cj.jdbc.ConnectionImpl.getInstance()
	at com.mysql.cj.jdbc.NonRegisteringDriver.connect()
	at java.sql.DriverManager.getConnection()
	at java.sql.DriverManager.getConnection()
	at hkrDB.DatabaseManager.createConnection()
	at hkrDB.DatabaseManager.executeQuery()
	at hkrDB.DatabaseManager.checkSchema()
	at hkrDB.DatabaseManager.<init>()
	at hkrFX.Main.start()
	at com.sun.javafx.application.LauncherImpl.lambda$launchApplication1$9()
	at com.sun.javafx.application.PlatformImpl.lambda$runAndWait$12()
	at com.sun.javafx.application.PlatformImpl.lambda$runLater$10()
	at java.security.AccessController.doPrivileged()
	at com.sun.javafx.application.PlatformImpl.lambda$runLater$11()
	at com.sun.glass.ui.InvokeLaterDispatcher$Future.run()
[2020-01-11 02:44:42 CET] [Exception] Exception message: Unknown database 'hotel'
[2020-01-11 02:44:42 CET] [Exception] Exception message: null
[2020-01-11 02:44:42 CET] [Exception] 
	at com.mysql.cj.jdbc.exceptions.SQLError.createSQLException()
	at com.mysql.cj.jdbc.exceptions.SQLError.createSQLException()
	at com.mysql.cj.jdbc.exceptions.SQLExceptionsMapping.translateException()
	at com.mysql.cj.jdbc.ConnectionImpl.createNewIO()
	at com.mysql.cj.jdbc.ConnectionImpl.<init>()
	at com.mysql.cj.jdbc.ConnectionImpl.getInstance()
	at com.mysql.cj.jdbc.NonRegisteringDriver.connect()
	at java.sql.DriverManager.getConnection()
	at java.sql.DriverManager.getConnection()
	at hkrDB.DatabaseManager.createConnection()
	at hkrDB.DatabaseManager.executeQuery()
	at hkrDB.DatabaseManager.checkSchema()
	at hkrDB.DatabaseManager.<init>()
	at hkrFX.Main.start()
	at com.sun.javafx.application.LauncherImpl.lambda$launchApplication1$9()
	at com.sun.javafx.application.PlatformImpl.lambda$runAndWait$12()
	at com.sun.javafx.application.PlatformImpl.lambda$runLater$10()
	at java.security.AccessController.doPrivileged()
	at com.sun.javafx.application.PlatformImpl.lambda$runLater$11()
	at com.sun.glass.ui.InvokeLaterDispatcher$Future.run()
[2020-01-11 02:44:42 CET] [Exception] 
	at hkrDB.DatabaseManager.executeQuery()
	at hkrDB.DatabaseManager.checkSchema()
	at hkrDB.DatabaseManager.<init>()
	at hkrFX.Main.start()
	at com.sun.javafx.application.LauncherImpl.lambda$launchApplication1$9()
	at com.sun.javafx.application.PlatformImpl.lambda$runAndWait$12()
	at com.sun.javafx.application.PlatformImpl.lambda$runLater$10()
	at java.security.AccessController.doPrivileged()
	at com.sun.javafx.application.PlatformImpl.lambda$runLater$11()
	at com.sun.glass.ui.InvokeLaterDispatcher$Future.run()
[2020-01-11 02:45:53 CET] [Exception] Exception message: Unknown database 'hotel'
[2020-01-11 02:45:53 CET] [Exception] 
	at com.mysql.cj.jdbc.exceptions.SQLError.createSQLException()
	at com.mysql.cj.jdbc.exceptions.SQLError.createSQLException()
	at com.mysql.cj.jdbc.exceptions.SQLExceptionsMapping.translateException()
	at com.mysql.cj.jdbc.ConnectionImpl.createNewIO()
	at com.mysql.cj.jdbc.ConnectionImpl.<init>()
	at com.mysql.cj.jdbc.ConnectionImpl.getInstance()
	at com.mysql.cj.jdbc.NonRegisteringDriver.connect()
	at java.sql.DriverManager.getConnection()
	at java.sql.DriverManager.getConnection()
	at hkrDB.DatabaseManager.createConnection()
	at hkrDB.DatabaseManager.executeQuery()
	at hkrDB.DatabaseManager.checkSchema()
	at hkrDB.DatabaseManager.<init>()
	at hkrFX.Main.start()
	at com.sun.javafx.application.LauncherImpl.lambda$launchApplication1$9()
	at com.sun.javafx.application.PlatformImpl.lambda$runAndWait$12()
	at com.sun.javafx.application.PlatformImpl.lambda$runLater$10()
	at java.security.AccessController.doPrivileged()
	at com.sun.javafx.application.PlatformImpl.lambda$runLater$11()
	at com.sun.glass.ui.InvokeLaterDispatcher$Future.run()
[2020-01-11 02:45:53 CET] [Exception] Exception message: null
[2020-01-11 02:45:53 CET] [Exception] 
	at hkrDB.DatabaseManager.executeQuery()
	at hkrDB.DatabaseManager.checkSchema()
	at hkrDB.DatabaseManager.<init>()
	at hkrFX.Main.start()
	at com.sun.javafx.application.LauncherImpl.lambda$launchApplication1$9()
	at com.sun.javafx.application.PlatformImpl.lambda$runAndWait$12()
	at com.sun.javafx.application.PlatformImpl.lambda$runLater$10()
	at java.security.AccessController.doPrivileged()
	at com.sun.javafx.application.PlatformImpl.lambda$runLater$11()
	at com.sun.glass.ui.InvokeLaterDispatcher$Future.run()
[2020-01-11 02:47:28 CET] [Exception] Exception message: Unknown database 'hotel'
[2020-01-11 02:47:28 CET] [Exception] Exception message: null
[2020-01-11 02:47:28 CET] [Exception] 
	at hkrDB.DatabaseManager.executeQuery()
	at hkrDB.DatabaseManager.checkSchema()
	at hkrDB.DatabaseManager.<init>()
	at hkrFX.Main.start()
	at com.sun.javafx.application.LauncherImpl.lambda$launchApplication1$9()
	at com.sun.javafx.application.PlatformImpl.lambda$runAndWait$12()
	at com.sun.javafx.application.PlatformImpl.lambda$runLater$10()
	at java.security.AccessController.doPrivileged()
	at com.sun.javafx.application.PlatformImpl.lambda$runLater$11()
	at com.sun.glass.ui.InvokeLaterDispatcher$Future.run()
[2020-01-11 02:47:28 CET] [Exception] 
	at com.mysql.cj.jdbc.exceptions.SQLError.createSQLException()
	at com.mysql.cj.jdbc.exceptions.SQLError.createSQLException()
	at com.mysql.cj.jdbc.exceptions.SQLExceptionsMapping.translateException()
	at com.mysql.cj.jdbc.ConnectionImpl.createNewIO()
	at com.mysql.cj.jdbc.ConnectionImpl.<init>()
	at com.mysql.cj.jdbc.ConnectionImpl.getInstance()
	at com.mysql.cj.jdbc.NonRegisteringDriver.connect()
	at java.sql.DriverManager.getConnection()
	at java.sql.DriverManager.getConnection()
	at hkrDB.DatabaseManager.createConnection()
	at hkrDB.DatabaseManager.executeQuery()
	at hkrDB.DatabaseManager.checkSchema()
	at hkrDB.DatabaseManager.<init>()
	at hkrFX.Main.start()
	at com.sun.javafx.application.LauncherImpl.lambda$launchApplication1$9()
	at com.sun.javafx.application.PlatformImpl.lambda$runAndWait$12()
	at com.sun.javafx.application.PlatformImpl.lambda$runLater$10()
	at java.security.AccessController.doPrivileged()
	at com.sun.javafx.application.PlatformImpl.lambda$runLater$11()
	at com.sun.glass.ui.InvokeLaterDispatcher$Future.run()
[2020-01-11 02:48:31 CET] [Exception] Exception message: Unknown database 'hotel'
[2020-01-11 02:48:31 CET] [Exception] Exception message: null
[2020-01-11 02:48:31 CET] [Exception] 
	at com.mysql.cj.jdbc.exceptions.SQLError.createSQLException()
	at com.mysql.cj.jdbc.exceptions.SQLError.createSQLException()
	at com.mysql.cj.jdbc.exceptions.SQLExceptionsMapping.translateException()
	at com.mysql.cj.jdbc.ConnectionImpl.createNewIO()
	at com.mysql.cj.jdbc.ConnectionImpl.<init>()
	at com.mysql.cj.jdbc.ConnectionImpl.getInstance()
	at com.mysql.cj.jdbc.NonRegisteringDriver.connect()
	at java.sql.DriverManager.getConnection()
	at java.sql.DriverManager.getConnection()
	at hkrDB.DatabaseManager.createConnection()
	at hkrDB.DatabaseManager.executeQuery()
	at hkrDB.DatabaseManager.checkSchema()
	at hkrDB.DatabaseManager.<init>()
	at hkrFX.Main.start()
	at com.sun.javafx.application.LauncherImpl.lambda$launchApplication1$9()
	at com.sun.javafx.application.PlatformImpl.lambda$runAndWait$12()
	at com.sun.javafx.application.PlatformImpl.lambda$runLater$10()
	at java.security.AccessController.doPrivileged()
	at com.sun.javafx.application.PlatformImpl.lambda$runLater$11()
	at com.sun.glass.ui.InvokeLaterDispatcher$Future.run()
[2020-01-11 02:48:31 CET] [Exception] 
	at hkrDB.DatabaseManager.executeQuery()
	at hkrDB.DatabaseManager.checkSchema()
	at hkrDB.DatabaseManager.<init>()
	at hkrFX.Main.start()
	at com.sun.javafx.application.LauncherImpl.lambda$launchApplication1$9()
	at com.sun.javafx.application.PlatformImpl.lambda$runAndWait$12()
	at com.sun.javafx.application.PlatformImpl.lambda$runLater$10()
	at java.security.AccessController.doPrivileged()
	at com.sun.javafx.application.PlatformImpl.lambda$runLater$11()
	at com.sun.glass.ui.InvokeLaterDispatcher$Future.run()
[2020-01-11 02:48:31 CET] [Exception] Exception message: Unknown database 'hotel'
[2020-01-11 02:48:31 CET] [Exception] 
	at com.mysql.cj.jdbc.exceptions.SQLError.createSQLException()
	at com.mysql.cj.jdbc.exceptions.SQLError.createSQLException()
	at com.mysql.cj.jdbc.exceptions.SQLExceptionsMapping.translateException()
	at com.mysql.cj.jdbc.ConnectionImpl.createNewIO()
	at com.mysql.cj.jdbc.ConnectionImpl.<init>()
	at com.mysql.cj.jdbc.ConnectionImpl.getInstance()
	at com.mysql.cj.jdbc.NonRegisteringDriver.connect()
	at java.sql.DriverManager.getConnection()
	at java.sql.DriverManager.getConnection()
	at hkrDB.DatabaseManager.createConnection()
	at hkrDB.DatabaseManager.executeQuery()
	at hkrDB.DatabaseManager.checkSchema()
	at hkrDB.DatabaseManager.<init>()
	at hkrFX.Main.start()
	at com.sun.javafx.application.LauncherImpl.lambda$launchApplication1$9()
	at com.sun.javafx.application.PlatformImpl.lambda$runAndWait$12()
	at com.sun.javafx.application.PlatformImpl.lambda$runLater$10()
	at java.security.AccessController.doPrivileged()
	at com.sun.javafx.application.PlatformImpl.lambda$runLater$11()
	at com.sun.glass.ui.InvokeLaterDispatcher$Future.run()
[2020-01-11 02:48:31 CET] [Exception] Exception message: null
[2020-01-11 02:48:31 CET] [Exception] 
	at hkrDB.DatabaseManager.executeQuery()
	at hkrDB.DatabaseManager.checkSchema()
	at hkrDB.DatabaseManager.<init>()
	at hkrFX.Main.start()
	at com.sun.javafx.application.LauncherImpl.lambda$launchApplication1$9()
	at com.sun.javafx.application.PlatformImpl.lambda$runAndWait$12()
	at com.sun.javafx.application.PlatformImpl.lambda$runLater$10()
	at java.security.AccessController.doPrivileged()
	at com.sun.javafx.application.PlatformImpl.lambda$runLater$11()
	at com.sun.glass.ui.InvokeLaterDispatcher$Future.run()
[2020-01-11 03:02:40 CET] [Exception] Exception message: Referencing column 'Booking_reference' and referenced column 'reference' in foreign key constraint 'fk_Order_Booking1' are incompatible.
[2020-01-11 03:02:40 CET] [Exception] 
	at com.mysql.cj.jdbc.exceptions.SQLError.createSQLException()
	at com.mysql.cj.jdbc.exceptions.SQLError.createSQLException()
	at com.mysql.cj.jdbc.exceptions.SQLExceptionsMapping.translateException()
	at com.mysql.cj.jdbc.ClientPreparedStatement.executeInternal()
	at com.mysql.cj.jdbc.ClientPreparedStatement.execute()
	at hkrDB.DatabaseManager.executeQuery()
	at hkrDB.DatabaseManager.checkSchema()
	at hkrDB.DatabaseManager.<init>()
	at hkrFX.Main.start()
	at com.sun.javafx.application.LauncherImpl.lambda$launchApplication1$9()
	at com.sun.javafx.application.PlatformImpl.lambda$runAndWait$12()
	at com.sun.javafx.application.PlatformImpl.lambda$runLater$10()
	at java.security.AccessController.doPrivileged()
	at com.sun.javafx.application.PlatformImpl.lambda$runLater$11()
	at com.sun.glass.ui.InvokeLaterDispatcher$Future.run()
[2020-01-11 12:06:20 CET] [Exception] Exception message: Communications link failure

The last packet sent successfully to the server was 0 milliseconds ago. The driver has not received any packets from the server.
[2020-01-11 12:06:20 CET] [Exception] Exception message: null
[2020-01-11 12:06:20 CET] [Exception] 
	at hkrDB.DatabaseManager.executeQuery()
	at hkrDB.DatabaseManager.checkSchema()
	at hkrDB.DatabaseManager.<init>()
	at hkrFX.Main.start()
	at com.sun.javafx.application.LauncherImpl.lambda$launchApplication1$9()
	at com.sun.javafx.application.PlatformImpl.lambda$runAndWait$12()
	at com.sun.javafx.application.PlatformImpl.lambda$runLater$10()
	at java.security.AccessController.doPrivileged()
	at com.sun.javafx.application.PlatformImpl.lambda$runLater$11()
	at com.sun.glass.ui.InvokeLaterDispatcher$Future.run()
[2020-01-11 12:06:20 CET] [Exception] 
	at com.mysql.cj.jdbc.exceptions.SQLError.createCommunicationsException()
	at com.mysql.cj.jdbc.exceptions.SQLExceptionsMapping.translateException()
	at com.mysql.cj.jdbc.ConnectionImpl.createNewIO()
	at com.mysql.cj.jdbc.ConnectionImpl.<init>()
	at com.mysql.cj.jdbc.ConnectionImpl.getInstance()
	at com.mysql.cj.jdbc.NonRegisteringDriver.connect()
	at java.sql.DriverManager.getConnection()
	at java.sql.DriverManager.getConnection()
	at hkrDB.DatabaseManager.createConnection()
	at hkrDB.DatabaseManager.executeQuery()
	at hkrDB.DatabaseManager.checkSchema()
	at hkrDB.DatabaseManager.<init>()
	at hkrFX.Main.start()
	at com.sun.javafx.application.LauncherImpl.lambda$launchApplication1$9()
	at com.sun.javafx.application.PlatformImpl.lambda$runAndWait$12()
	at com.sun.javafx.application.PlatformImpl.lambda$runLater$10()
	at java.security.AccessController.doPrivileged()
	at com.sun.javafx.application.PlatformImpl.lambda$runLater$11()
	at com.sun.glass.ui.InvokeLaterDispatcher$Future.run()
[2020-01-12 21:45:25 CET] [Exception] Exception message: Communications link failure

The last packet sent successfully to the server was 0 milliseconds ago. The driver has not received any packets from the server.
[2020-01-12 21:45:25 CET] [Exception] 
	at com.mysql.cj.jdbc.exceptions.SQLError.createCommunicationsException()
	at com.mysql.cj.jdbc.exceptions.SQLExceptionsMapping.translateException()
	at com.mysql.cj.jdbc.ConnectionImpl.createNewIO()
	at com.mysql.cj.jdbc.ConnectionImpl.<init>()
	at com.mysql.cj.jdbc.ConnectionImpl.getInstance()
	at com.mysql.cj.jdbc.NonRegisteringDriver.connect()
	at java.sql.DriverManager.getConnection()
	at java.sql.DriverManager.getConnection()
	at hkrDB.DatabaseManager.createConnection()
	at hkrDB.DatabaseManager.executeQuery()
	at hkrDB.DatabaseManager.checkSchema()
	at hkrDB.DatabaseManager.<init>()
	at hkrFX.Main.start()
	at com.sun.javafx.application.LauncherImpl.lambda$launchApplication1$9()
	at com.sun.javafx.application.PlatformImpl.lambda$runAndWait$12()
	at com.sun.javafx.application.PlatformImpl.lambda$runLater$10()
	at java.security.AccessController.doPrivileged()
	at com.sun.javafx.application.PlatformImpl.lambda$runLater$11()
	at com.sun.glass.ui.InvokeLaterDispatcher$Future.run()
[2020-01-12 21:45:25 CET] [Exception] Exception message: null
[2020-01-12 21:45:25 CET] [Exception] 
	at hkrDB.DatabaseManager.executeQuery()
	at hkrDB.DatabaseManager.checkSchema()
	at hkrDB.DatabaseManager.<init>()
	at hkrFX.Main.start()
	at com.sun.javafx.application.LauncherImpl.lambda$launchApplication1$9()
	at com.sun.javafx.application.PlatformImpl.lambda$runAndWait$12()
	at com.sun.javafx.application.PlatformImpl.lambda$runLater$10()
	at java.security.AccessController.doPrivileged()
	at com.sun.javafx.application.PlatformImpl.lambda$runLater$11()
	at com.sun.glass.ui.InvokeLaterDispatcher$Future.run()
[2020-01-12 22:42:06 CET] [Exception] Exception message: You have an error in your SQL syntax; check the manual that corresponds to your MySQL server version for the right syntax to use near 'Employee`)' at line 1
[2020-01-12 22:42:06 CET] [Exception] 
	at com.mysql.cj.jdbc.exceptions.SQLError.createSQLException()
	at com.mysql.cj.jdbc.exceptions.SQLError.createSQLException()
	at com.mysql.cj.jdbc.exceptions.SQLExceptionsMapping.translateException()
	at com.mysql.cj.jdbc.ClientPreparedStatement.executeInternal()
	at com.mysql.cj.jdbc.ClientPreparedStatement.executeQuery()
	at hkrDB.DatabaseManager.executeQuery()
	at hkrFX.LoginCus.checkCredentials()
	at hkrFX.LoginCus.lambda$new$2()
	at com.sun.javafx.event.CompositeEventHandler.dispatchBubblingEvent()
	at com.sun.javafx.event.EventHandlerManager.dispatchBubblingEvent()
	at com.sun.javafx.event.EventHandlerManager.dispatchBubblingEvent()
	at com.sun.javafx.event.CompositeEventDispatcher.dispatchBubblingEvent()
	at com.sun.javafx.event.BasicEventDispatcher.dispatchEvent()
	at com.sun.javafx.event.EventDispatchChainImpl.dispatchEvent()
	at com.sun.javafx.event.BasicEventDispatcher.dispatchEvent()
	at com.sun.javafx.event.EventDispatchChainImpl.dispatchEvent()
	at com.sun.javafx.event.BasicEventDispatcher.dispatchEvent()
	at com.sun.javafx.event.EventDispatchChainImpl.dispatchEvent()
	at com.sun.javafx.event.EventUtil.fireEventImpl()
	at com.sun.javafx.event.EventUtil.fireEvent()
	at javafx.event.Event.fireEvent()
	at javafx.scene.Node.fireEvent()
	at javafx.scene.control.Button.fire()
	at com.sun.javafx.scene.control.behavior.ButtonBehavior.mouseReleased()
	at com.sun.javafx.scene.control.inputmap.InputMap.handle()
	at com.sun.javafx.event.CompositeEventHandler$NormalEventHandlerRecord.handleBubblingEvent()
	at com.sun.javafx.event.CompositeEventHandler.dispatchBubblingEvent()
	at com.sun.javafx.event.EventHandlerManager.dispatchBubblingEvent()
	at com.sun.javafx.event.EventHandlerManager.dispatchBubblingEvent()
	at com.sun.javafx.event.CompositeEventDispatcher.dispatchBubblingEvent()
	at com.sun.javafx.event.BasicEventDispatcher.dispatchEvent()
	at com.sun.javafx.event.EventDispatchChainImpl.dispatchEvent()
	at com.sun.javafx.event.BasicEventDispatcher.dispatchEvent()
	at com.sun.javafx.event.EventDispatchChainImpl.dispatchEvent()
	at com.sun.javafx.event.BasicEventDispatcher.dispatchEvent()
	at com.sun.javafx.event.EventDispatchChainImpl.dispatchEvent()
	at com.sun.javafx.event.EventUtil.fireEventImpl()
	at com.sun.javafx.event.EventUtil.fireEvent()
	at javafx.event.Event.fireEvent()
	at javafx.scene.Scene$MouseHandler.process()
	at javafx.scene.Scene$MouseHandler.access$1200()
	at javafx.scene.Scene.processMouseEvent()
	at javafx.scene.Scene$ScenePeerListener.mouseEvent()
	at com.sun.javafx.tk.quantum.GlassViewEventHandler$MouseEventNotification.run()
	at com.sun.javafx.tk.quantum.GlassViewEventHandler$MouseEventNotification.run()
	at java.security.AccessController.doPrivileged()
	at com.sun.javafx.tk.quantum.GlassViewEventHandler.lambda$handleMouseEvent$2()
	at com.sun.javafx.tk.quantum.QuantumToolkit.runWithoutRenderLock()
	at com.sun.javafx.tk.quantum.GlassViewEventHandler.handleMouseEvent()
	at com.sun.glass.ui.View.handleMouseEvent()
	at com.sun.glass.ui.View.notifyMouse()
	at com.sun.glass.ui.mac.MacView.notifyMouse()
[2020-01-15 16:38:05 CET] [Exception] Exception message: Communications link failure

The last packet sent successfully to the server was 0 milliseconds ago. The driver has not received any packets from the server.
[2020-01-15 16:38:05 CET] [Exception] Exception message: null
[2020-01-15 16:38:05 CET] [Exception] 
	at hkrDB.DatabaseManager.executeQuery()
	at hkrDB.DatabaseManager.checkSchema()
	at hkrDB.DatabaseManager.<init>()
	at hkrFX.Main.start()
	at com.sun.javafx.application.LauncherImpl.lambda$launchApplication1$9()
	at com.sun.javafx.application.PlatformImpl.lambda$runAndWait$12()
	at com.sun.javafx.application.PlatformImpl.lambda$runLater$10()
	at java.security.AccessController.doPrivileged()
	at com.sun.javafx.application.PlatformImpl.lambda$runLater$11()
	at com.sun.glass.ui.InvokeLaterDispatcher$Future.run()
[2020-01-15 16:38:05 CET] [Exception] 
	at com.mysql.cj.jdbc.exceptions.SQLError.createCommunicationsException()
	at com.mysql.cj.jdbc.exceptions.SQLExceptionsMapping.translateException()
	at com.mysql.cj.jdbc.ConnectionImpl.createNewIO()
	at com.mysql.cj.jdbc.ConnectionImpl.<init>()
	at com.mysql.cj.jdbc.ConnectionImpl.getInstance()
	at com.mysql.cj.jdbc.NonRegisteringDriver.connect()
	at java.sql.DriverManager.getConnection()
	at java.sql.DriverManager.getConnection()
	at hkrDB.DatabaseManager.createConnection()
	at hkrDB.DatabaseManager.executeQuery()
	at hkrDB.DatabaseManager.checkSchema()
	at hkrDB.DatabaseManager.<init>()
	at hkrFX.Main.start()
	at com.sun.javafx.application.LauncherImpl.lambda$launchApplication1$9()
	at com.sun.javafx.application.PlatformImpl.lambda$runAndWait$12()
	at com.sun.javafx.application.PlatformImpl.lambda$runLater$10()
	at java.security.AccessController.doPrivileged()
	at com.sun.javafx.application.PlatformImpl.lambda$runLater$11()
	at com.sun.glass.ui.InvokeLaterDispatcher$Future.run()
